<?xml version="1.0" encoding="UTF-8"?>
<testng-results skipped="0" failed="1" ignored="0" total="3" passed="2">
  <reporter-output>
  </reporter-output>
  <suite name="Default suite" duration-ms="51317" started-at="2019-05-31T14:09:51Z" finished-at="2019-05-31T14:10:42Z">
    <groups>
    </groups>
    <test name="Default test" duration-ms="51317" started-at="2019-05-31T14:09:51Z" finished-at="2019-05-31T14:10:42Z">
      <class name="com.qa.crmpro.testcases.LoginPageTest">
        <test-method status="PASS" signature="setup()[pri:0, instance:com.qa.crmpro.testcases.LoginPageTest@5622fdf]" name="setup" is-config="true" duration-ms="12980" started-at="2019-05-31T14:09:51Z" finished-at="2019-05-31T14:10:04Z">
          <reporter-output>
          </reporter-output>
        </test-method> <!-- setup -->
        <test-method status="PASS" signature="verifyloginpagetest()[pri:1, instance:com.qa.crmpro.testcases.LoginPageTest@5622fdf]" name="verifyloginpagetest" duration-ms="28" started-at="2019-05-31T14:10:04Z" finished-at="2019-05-31T14:10:04Z">
          <reporter-output>
          </reporter-output>
        </test-method> <!-- verifyloginpagetest -->
        <test-method status="PASS" signature="teardown1()[pri:0, instance:com.qa.crmpro.testcases.LoginPageTest@5622fdf]" name="teardown1" is-config="true" duration-ms="215" started-at="2019-05-31T14:10:04Z" finished-at="2019-05-31T14:10:04Z">
          <reporter-output>
          </reporter-output>
        </test-method> <!-- teardown1 -->
        <test-method status="PASS" signature="setup()[pri:0, instance:com.qa.crmpro.testcases.LoginPageTest@5622fdf]" name="setup" is-config="true" duration-ms="11056" started-at="2019-05-31T14:10:04Z" finished-at="2019-05-31T14:10:15Z">
          <reporter-output>
          </reporter-output>
        </test-method> <!-- setup -->
        <test-method status="PASS" signature="verifylogo()[pri:2, instance:com.qa.crmpro.testcases.LoginPageTest@5622fdf]" name="verifylogo" duration-ms="47" started-at="2019-05-31T14:10:15Z" finished-at="2019-05-31T14:10:15Z">
          <reporter-output>
          </reporter-output>
        </test-method> <!-- verifylogo -->
        <test-method status="PASS" signature="teardown1()[pri:0, instance:com.qa.crmpro.testcases.LoginPageTest@5622fdf]" name="teardown1" is-config="true" duration-ms="778" started-at="2019-05-31T14:10:15Z" finished-at="2019-05-31T14:10:16Z">
          <reporter-output>
          </reporter-output>
        </test-method> <!-- teardown1 -->
        <test-method status="PASS" signature="setup()[pri:0, instance:com.qa.crmpro.testcases.LoginPageTest@5622fdf]" name="setup" is-config="true" duration-ms="22754" started-at="2019-05-31T14:10:16Z" finished-at="2019-05-31T14:10:39Z">
          <reporter-output>
          </reporter-output>
        </test-method> <!-- setup -->
        <test-method status="FAIL" signature="verifylogintest()[pri:3, instance:com.qa.crmpro.testcases.LoginPageTest@5622fdf]" name="verifylogintest" duration-ms="290" started-at="2019-05-31T14:10:39Z" finished-at="2019-05-31T14:10:39Z">
          <exception class="org.openqa.selenium.ElementClickInterceptedException">
            <message>
              <![CDATA[element click intercepted: Element <input type="submit" value="Login" class="btn btn-small"> is not clickable at point (1182, 117). Other element would receive the click: <div id="preloader">...</div>
  (Session info: chrome=74.0.3729.169)
  (Driver info: chromedriver=74.0.3729.6 (255758eccf3d244491b8a1317aa76e1ce10d57e9-refs/branch-heads/3729@{#29}),platform=Windows NT 6.2.9200 x86_64) (WARNING: The server did not provide any stacktrace information)
Command duration or timeout: 0 milliseconds
Build info: version: '3.141.59', revision: 'e82be7d358', time: '2018-11-14T08:25:48'
System info: host: 'HOME', ip: '192.168.225.84', os.name: 'Windows 8', os.arch: 'amd64', os.version: '6.2', java.version: '1.8.0_211'
Driver info: org.openqa.selenium.chrome.ChromeDriver
Capabilities {acceptInsecureCerts: false, acceptSslCerts: false, applicationCacheEnabled: false, browserConnectionEnabled: false, browserName: chrome, chrome: {chromedriverVersion: 74.0.3729.6 (255758eccf3d24..., userDataDir: C:\Users\Ashitosh\AppData\L...}, cssSelectorsEnabled: true, databaseEnabled: false, goog:chromeOptions: {debuggerAddress: localhost:53803}, handlesAlerts: true, hasTouchScreen: false, javascriptEnabled: true, locationContextEnabled: true, mobileEmulationEnabled: false, nativeEvents: true, networkConnectionEnabled: false, pageLoadStrategy: normal, platform: XP, platformName: XP, proxy: Proxy(), rotatable: false, setWindowRect: true, strictFileInteractability: false, takesHeapSnapshot: true, takesScreenshot: true, timeouts: {implicit: 0, pageLoad: 300000, script: 30000}, unexpectedAlertBehaviour: ignore, unhandledPromptBehavior: ignore, version: 74.0.3729.169, webStorageEnabled: true}
Session ID: 586aa4d980383ef4bc5664feac01a1c7]]>
            </message>
            <full-stacktrace>
              <![CDATA[org.openqa.selenium.ElementClickInterceptedException: element click intercepted: Element <input type="submit" value="Login" class="btn btn-small"> is not clickable at point (1182, 117). Other element would receive the click: <div id="preloader">...</div>
  (Session info: chrome=74.0.3729.169)
  (Driver info: chromedriver=74.0.3729.6 (255758eccf3d244491b8a1317aa76e1ce10d57e9-refs/branch-heads/3729@{#29}),platform=Windows NT 6.2.9200 x86_64) (WARNING: The server did not provide any stacktrace information)
Command duration or timeout: 0 milliseconds
Build info: version: '3.141.59', revision: 'e82be7d358', time: '2018-11-14T08:25:48'
System info: host: 'HOME', ip: '192.168.225.84', os.name: 'Windows 8', os.arch: 'amd64', os.version: '6.2', java.version: '1.8.0_211'
Driver info: org.openqa.selenium.chrome.ChromeDriver
Capabilities {acceptInsecureCerts: false, acceptSslCerts: false, applicationCacheEnabled: false, browserConnectionEnabled: false, browserName: chrome, chrome: {chromedriverVersion: 74.0.3729.6 (255758eccf3d24..., userDataDir: C:\Users\Ashitosh\AppData\L...}, cssSelectorsEnabled: true, databaseEnabled: false, goog:chromeOptions: {debuggerAddress: localhost:53803}, handlesAlerts: true, hasTouchScreen: false, javascriptEnabled: true, locationContextEnabled: true, mobileEmulationEnabled: false, nativeEvents: true, networkConnectionEnabled: false, pageLoadStrategy: normal, platform: XP, platformName: XP, proxy: Proxy(), rotatable: false, setWindowRect: true, strictFileInteractability: false, takesHeapSnapshot: true, takesScreenshot: true, timeouts: {implicit: 0, pageLoad: 300000, script: 30000}, unexpectedAlertBehaviour: ignore, unhandledPromptBehavior: ignore, version: 74.0.3729.169, webStorageEnabled: true}
Session ID: 586aa4d980383ef4bc5664feac01a1c7
at sun.reflect.NativeConstructorAccessorImpl.newInstance0(Native Method)
at sun.reflect.NativeConstructorAccessorImpl.newInstance(Unknown Source)
at sun.reflect.DelegatingConstructorAccessorImpl.newInstance(Unknown Source)
at java.lang.reflect.Constructor.newInstance(Unknown Source)
at org.openqa.selenium.remote.ErrorHandler.createThrowable(ErrorHandler.java:214)
at org.openqa.selenium.remote.ErrorHandler.throwIfResponseFailed(ErrorHandler.java:166)
at org.openqa.selenium.remote.http.JsonHttpResponseCodec.reconstructValue(JsonHttpResponseCodec.java:40)
at org.openqa.selenium.remote.http.AbstractHttpResponseCodec.decode(AbstractHttpResponseCodec.java:80)
at org.openqa.selenium.remote.http.AbstractHttpResponseCodec.decode(AbstractHttpResponseCodec.java:44)
at org.openqa.selenium.remote.HttpCommandExecutor.execute(HttpCommandExecutor.java:158)
at org.openqa.selenium.remote.service.DriverCommandExecutor.execute(DriverCommandExecutor.java:83)
at org.openqa.selenium.remote.RemoteWebDriver.execute(RemoteWebDriver.java:552)
at org.openqa.selenium.remote.RemoteWebElement.execute(RemoteWebElement.java:285)
at org.openqa.selenium.remote.RemoteWebElement.click(RemoteWebElement.java:84)
at sun.reflect.NativeMethodAccessorImpl.invoke0(Native Method)
at sun.reflect.NativeMethodAccessorImpl.invoke(Unknown Source)
at sun.reflect.DelegatingMethodAccessorImpl.invoke(Unknown Source)
at java.lang.reflect.Method.invoke(Unknown Source)
at org.openqa.selenium.support.pagefactory.internal.LocatingElementHandler.invoke(LocatingElementHandler.java:51)
at com.sun.proxy.$Proxy10.click(Unknown Source)
at com.qa.crmpro.pages.LoginPage.getlogin(LoginPage.java:45)
at com.qa.crmpro.testcases.LoginPageTest.verifylogintest(LoginPageTest.java:45)
at sun.reflect.NativeMethodAccessorImpl.invoke0(Native Method)
at sun.reflect.NativeMethodAccessorImpl.invoke(Unknown Source)
at sun.reflect.DelegatingMethodAccessorImpl.invoke(Unknown Source)
at java.lang.reflect.Method.invoke(Unknown Source)
at org.testng.internal.MethodInvocationHelper.invokeMethod(MethodInvocationHelper.java:124)
at org.testng.internal.Invoker.invokeMethod(Invoker.java:583)
at org.testng.internal.Invoker.invokeTestMethod(Invoker.java:719)
at org.testng.internal.Invoker.invokeTestMethods(Invoker.java:989)
at org.testng.internal.TestMethodWorker.invokeTestMethods(TestMethodWorker.java:125)
at org.testng.internal.TestMethodWorker.run(TestMethodWorker.java:109)
at org.testng.TestRunner.privateRun(TestRunner.java:648)
at org.testng.TestRunner.run(TestRunner.java:505)
at org.testng.SuiteRunner.runTest(SuiteRunner.java:455)
at org.testng.SuiteRunner.runSequentially(SuiteRunner.java:450)
at org.testng.SuiteRunner.privateRun(SuiteRunner.java:415)
at org.testng.SuiteRunner.run(SuiteRunner.java:364)
at org.testng.SuiteRunnerWorker.runSuite(SuiteRunnerWorker.java:52)
at org.testng.SuiteRunnerWorker.run(SuiteRunnerWorker.java:84)
at org.testng.TestNG.runSuitesSequentially(TestNG.java:1208)
at org.testng.TestNG.runSuitesLocally(TestNG.java:1137)
at org.testng.TestNG.runSuites(TestNG.java:1049)
at org.testng.TestNG.run(TestNG.java:1017)
at org.testng.remote.AbstractRemoteTestNG.run(AbstractRemoteTestNG.java:114)
at org.testng.remote.RemoteTestNG.initAndRun(RemoteTestNG.java:251)
at org.testng.remote.RemoteTestNG.main(RemoteTestNG.java:77)
]]>
            </full-stacktrace>
          </exception> <!-- org.openqa.selenium.ElementClickInterceptedException -->
          <reporter-output>
          </reporter-output>
        </test-method> <!-- verifylogintest -->
        <test-method status="PASS" signature="teardown1()[pri:0, instance:com.qa.crmpro.testcases.LoginPageTest@5622fdf]" name="teardown1" is-config="true" duration-ms="638" started-at="2019-05-31T14:10:39Z" finished-at="2019-05-31T14:10:40Z">
          <reporter-output>
          </reporter-output>
        </test-method> <!-- teardown1 -->
        <test-method status="PASS" signature="teardown()[pri:0, instance:com.qa.crmpro.testcases.LoginPageTest@5622fdf]" name="teardown" is-config="true" duration-ms="2468" started-at="2019-05-31T14:10:40Z" finished-at="2019-05-31T14:10:42Z">
          <reporter-output>
          </reporter-output>
        </test-method> <!-- teardown -->
      </class> <!-- com.qa.crmpro.testcases.LoginPageTest -->
    </test> <!-- Default test -->
  </suite> <!-- Default suite -->
</testng-results>
