<?xml version="1.0" encoding="UTF-8"?>
<testng-results skipped="0" failed="0" ignored="0" total="1" passed="1">
  <reporter-output>
  </reporter-output>
  <suite name="Default suite" duration-ms="25545" started-at="2019-06-29T13:54:59Z" finished-at="2019-06-29T13:55:25Z">
    <groups>
    </groups>
    <test name="Default test" duration-ms="25545" started-at="2019-06-29T13:54:59Z" finished-at="2019-06-29T13:55:25Z">
      <class name="com.qa.crmpro.testcases.LoginPageTest">
        <test-method status="PASS" signature="setup()[pri:0, instance:com.qa.crmpro.testcases.LoginPageTest@6093dd95]" name="setup" is-config="true" duration-ms="24425" started-at="2019-06-29T13:54:59Z" finished-at="2019-06-29T13:55:24Z">
          <reporter-output>
          </reporter-output>
        </test-method> <!-- setup -->
        <test-method status="PASS" signature="verifyloginpagetest()[pri:1, instance:com.qa.crmpro.testcases.LoginPageTest@6093dd95]" name="verifyloginpagetest" duration-ms="53" started-at="2019-06-29T13:55:24Z" finished-at="2019-06-29T13:55:24Z">
          <reporter-output>
          </reporter-output>
        </test-method> <!-- verifyloginpagetest -->
        <test-method status="PASS" signature="teardown()[pri:0, instance:com.qa.crmpro.testcases.LoginPageTest@6093dd95]" name="teardown" is-config="true" duration-ms="1032" started-at="2019-06-29T13:55:24Z" finished-at="2019-06-29T13:55:25Z">
          <reporter-output>
          </reporter-output>
        </test-method> <!-- teardown -->
      </class> <!-- com.qa.crmpro.testcases.LoginPageTest -->
    </test> <!-- Default test -->
  </suite> <!-- Default suite -->
</testng-results>
